Upload File >>images/IMG_20140215_171452_1371487604.jpg 
Upload File >>IMG_20140215_171452_1371487604.jpg 
Upload File >>images/IMG_20140215_182203_-1042401338.jpg 
Upload File >>IMG_20140215_182203_-1042401338.jpg 
Upload File >>images/ 
Upload File >> 
Upload File >>images/ 
Upload File >> 
Upload File >>images/ 
Upload File >> 
Upload File >>images/ 
Upload File >> 
Upload File >>images/ 
Upload File >> 
Upload File >>images/IMG_20140215_182203_-1042401338.jpg 
Upload File >>IMG_20140215_182203_-1042401338.jpg 
Upload File >>images/IMG_20140215_182203_-1042401338.jpg 
Upload File >>IMG_20140215_182203_-1042401338.jpg 
Upload File >>images/IMG_20140215_192748_-802877452.jpg 
Upload File >>IMG_20140215_192748_-802877452.jpg 
Upload File >>images/IMG_20140215_192748_-802877452.jpg 
Upload File >>IMG_20140215_192748_-802877452.jpg 
Upload File >>images/ 
Upload File >> 
Upload File >>images/ 
Upload File >> 
Upload File >>images/ 
Upload File >> 
Upload File >>images/ 
Upload File >> 
Upload File >>images/ 
Upload File >> 
Upload File >>images/IMG_20140215_171452_1371487604.jpg 
Upload File >>IMG_20140215_171452_1371487604.jpg 
Upload File >>images/ 
Upload File >> 
Upload File >>images/ 
Upload File >> 
Upload File >>images/IMG_20140215_192748_-802877452.jpg 
Upload File >>IMG_20140215_192748_-802877452.jpg 
Upload File >>images/IMG_20140215_182203_-1042401338.jpg 
Upload File >>IMG_20140215_182203_-1042401338.jpg 
Upload File >>images/ 
Upload File >> 
Upload File >>images/ 
Upload File >> 
Upload File >>images/ 
Upload File >> 
Upload File >>images/IMG_20140215_171452_1371487604.jpg 
Upload File >>IMG_20140215_171452_1371487604.jpg 
Upload File >>images/ 
Upload File >> 
Upload File >>images/ 
Upload File >> 
Upload File >>images/IMG_20140215_192748_-802877452.jpg 
Upload File >>IMG_20140215_192748_-802877452.jpg 
Upload File >>images/ 
Upload File >> 
Upload File >>images/IMG_20140215_171452_1371487604.jpg 
Upload File >>IMG_20140215_171452_1371487604.jpg 
Upload File >>images/IMG_20140216_131403_-802877452.jpg 
Upload File >>IMG_20140216_131403_-802877452.jpg 
Upload File >>images/ 
Upload File >> 
Upload File >>images/ 
Upload File >> 
Upload File >>images/IMG_20140215_191123_-668926778.jpg 
Upload File >>IMG_20140215_191123_-668926778.jpg 
Upload File >>images/IMG_20140215_191123_-668926778.jpg 
Upload File >>IMG_20140215_191123_-668926778.jpg 
Upload File >>images/IMG_20140216_150255_-802877452.jpg 
Upload File >>IMG_20140216_150255_-802877452.jpg 
Upload File >>images/IMG_20140216_150255_-802877452.jpg 
Upload File >>IMG_20140216_150255_-802877452.jpg 
Upload File >>images/IMG_20140215_192748_-802877452.jpg 
Upload File >>IMG_20140215_192748_-802877452.jpg 
Upload File >>images/IMG_20140215_182203_-1042401338.jpg 
Upload File >>IMG_20140215_182203_-1042401338.jpg 
Upload File >>images/IMG_20140215_191123_-668926778.jpg 
Upload File >>IMG_20140215_191123_-668926778.jpg 
Upload File >>images/IMG_20140215_191123_-668926778.jpg 
Upload File >>IMG_20140215_191123_-668926778.jpg 
Upload File >>images/IMG_20140223_141715_-668926778.jpg 
Upload File >>IMG_20140223_141715_-668926778.jpg 
Upload File >>images/IMG_20140223_141730_293463086.jpg 
Upload File >>IMG_20140223_141730_293463086.jpg 
Upload File >>images/IMG_20140223_141730_293463086.jpg 
Upload File >>IMG_20140223_141730_293463086.jpg 
Upload File >>images/IMG_20140223_141743_-872225615.jpg 
Upload File >>IMG_20140223_141743_-872225615.jpg 
Upload File >>images/IMG_20140223_143845_-1042401338.jpg 
Upload File >>IMG_20140223_143845_-1042401338.jpg 
Upload File >>images/IMG_20140223_143927_-668926778.jpg 
Upload File >>IMG_20140223_143927_-668926778.jpg 
Upload File >>images/IMG_20140223_144052_293463086.jpg 
Upload File >>IMG_20140223_144052_293463086.jpg 
Upload File >>images/IMG_20140223_144101_-872225615.jpg 
Upload File >>IMG_20140223_144101_-872225615.jpg 
Upload File >>images/IMG_20140223_144109_1343346606.jpg 
Upload File >>IMG_20140223_144109_1343346606.jpg 
Upload File >>images/IMG_20140225_013529_-1042401338.jpg 
Upload File >>IMG_20140225_013529_-1042401338.jpg 
Upload File >>images/IMG_20140225_013716_-668926778.jpg 
Upload File >>IMG_20140225_013716_-668926778.jpg 
Upload File >>images/IMG_20140225_013826_-1042401338.jpg 
Upload File >>IMG_20140225_013826_-1042401338.jpg 
Upload File >>images/IMG_20140225_013937_-668926778.jpg 
Upload File >>IMG_20140225_013937_-668926778.jpg 
Upload File >>images/IMG_20140225_013947_293463086.jpg 
Upload File >>IMG_20140225_013947_293463086.jpg 
Upload File >>images/IMG_20140225_014131_-1042401338.jpg 
Upload File >>IMG_20140225_014131_-1042401338.jpg 
Upload File >>images/IMG_20140225_014156_293463086.jpg 
Upload File >>IMG_20140225_014156_293463086.jpg 
Upload File >>images/IMG_20140225_014617_-872225615.jpg 
Upload File >>IMG_20140225_014617_-872225615.jpg 
Upload File >>images/IMG_20140225_144203_-1042401338.jpg 
Upload File >>IMG_20140225_144203_-1042401338.jpg 
Upload File >>images/IMG_20140225_144301_-668926778.jpg 
Upload File >>IMG_20140225_144301_-668926778.jpg 
Upload File >>images/IMG_20140227_174248_-802877452.jpg 
Upload File >>IMG_20140227_174248_-802877452.jpg 
Upload File >>images/IMG_20140227_174523_-1042401338.jpg 
Upload File >>IMG_20140227_174523_-1042401338.jpg 
Upload File >>images/IMG_20140313_143945_1456230671.jpg 
Upload File >>IMG_20140313_143945_1456230671.jpg 
Upload File >>images/IMG_20140313_143952_322242640.jpg 
Upload File >>IMG_20140313_143952_322242640.jpg 
Upload File >>images/IMG_20140315_003412_1456230671.jpg 
Upload File >>IMG_20140315_003412_1456230671.jpg 
